<?xml version="1.0" encoding="UTF-8"?>
<!-- Generated by org.testng.reporters.JUnitReportReporter -->
<testsuite hostname="LAPTOP-TBFR03AS" failures="0" tests="1" name="TestScripts.LoginTest" time="14.221" errors="0" timestamp="2024-08-27T21:44:53 MYT" skipped="0">
  <testcase classname="TestScripts.LoginTest" name="UserDetailsTest" time="14.221"/>
  <system-out/>
</testsuite> <!-- TestScripts.LoginTest -->
