<?xml version="1.0" encoding="UTF-8"?>
<!-- Generated by org.testng.reporters.JUnitReportReporter -->
<testsuite hostname="LAPTOP-TBFR03AS" failures="0" tests="1" name="TestScripts.HomeTest" time="3.611" errors="0" timestamp="2024-08-24T19:38:21 MYT" skipped="0">
  <testcase classname="TestScripts.HomeTest" name="UserDetailsTest" time="3.611"/>
  <system-out/>
</testsuite> <!-- TestScripts.HomeTest -->
