<?xml version="1.0" encoding="UTF-8"?>
<!-- Generated by org.testng.reporters.JUnitReportReporter -->
<testsuite hostname="LAPTOP-TBFR03AS" failures="0" tests="1" name="TestScripts.CreateAccountTest" time="8.914" errors="0" timestamp="2024-08-27T21:44:53 MYT" skipped="0">
  <testcase classname="TestScripts.CreateAccountTest" name="createNewAccountTest" time="8.914"/>
  <system-out/>
</testsuite> <!-- TestScripts.CreateAccountTest -->
