<?xml version="1.0" encoding="UTF-8"?>
<!-- Generated by org.testng.reporters.JUnitReportReporter -->
<testsuite hostname="LAPTOP-TBFR03AS" failures="0" tests="1" name="TestScripts.ShoppingTest" time="11.148" errors="0" timestamp="2024-08-27T21:44:53 MYT" skipped="0">
  <testcase classname="TestScripts.ShoppingTest" name="AddItem" time="11.148"/>
  <system-out/>
</testsuite> <!-- TestScripts.ShoppingTest -->
